2017-06-03 09:58:37 DEBUG SplashScreennew:67 - Progress bar executed
2017-06-03 09:58:45 DEBUG SplashScreennew:87 - Progress bar completed
2017-06-03 10:14:28 DEBUG SplashScreennew:67 - Progress bar executed
2017-06-03 10:14:35 DEBUG SplashScreennew:87 - Progress bar completed
2017-06-03 10:15:58 DEBUG SplashScreennew:67 - Progress bar executed
2017-06-03 10:16:04 DEBUG SplashScreennew:87 - Progress bar completed
2017-06-03 10:18:38 DEBUG SplashScreennew:67 - Progress bar executed
2017-06-03 10:18:45 DEBUG SplashScreennew:87 - Progress bar completed
2017-06-03 10:43:27 DEBUG SplashScreennew:67 - Progress bar executed
2017-06-03 10:43:34 DEBUG SplashScreennew:87 - Progress bar completed
2017-06-03 10:46:47 DEBUG SplashScreennew:67 - Progress bar executed
2017-06-03 10:46:53 DEBUG SplashScreennew:87 - Progress bar completed
2017-06-03 10:47:01 DEBUG Login:100 - reg sucess
2017-06-03 10:47:12 DEBUG LogScreen:110 - registeration failed
2017-06-03 10:47:15 DEBUG LogScreen:91 - registeration sucess
2017-06-03 10:48:43 DEBUG Sourcing:305 - form is valid
2017-06-03 10:48:45 DEBUG Sourcing:323 - in validating user screen
2017-06-03 10:48:47 DEBUG qde:110 - M
2017-06-03 10:48:48 DEBUG qde:141 - Single
2017-06-03 10:48:50 DEBUG qde:159 - Masters
2017-06-03 10:48:51 DEBUG qde:181 - Other
2017-06-03 10:49:22 DEBUG qde:257 - Indian
2017-06-03 10:49:22 DEBUG qde:269 - Single
2017-06-03 10:49:23 DEBUG qde:285 -  < 3 lakh
2017-06-03 10:49:24 DEBUG qde:357 - 1234567890
2017-06-03 10:49:24 DEBUG qde:361 - 12345as890
2017-06-03 10:49:24 DEBUG qde:377 - 0
2017-06-03 10:49:24 DEBUG qde:409 - all fields correct
2017-06-03 10:49:27 DEBUG Defaulter:92 - checking defaulter
2017-06-03 10:49:27 DEBUG qde:332 - in validating user screen
2017-06-03 10:49:29 DEBUG Dedupe:98 - IN dedupe calculation
2017-06-03 10:49:29 DEBUG Dedupe:243 - Amt and Value true
2017-06-03 10:49:29 DEBUG Dedupe:244 - Liab and asset true
2017-06-03 10:49:29 DEBUG Dedupe:248 - in check and check1
2017-06-03 10:49:29 DEBUG Dedupe:258 - Scoring is 7.2
2017-06-03 10:49:40 DEBUG Emi:43 - In EMI
2017-06-03 10:52:13 DEBUG SplashScreennew:67 - Progress bar executed
2017-06-03 10:52:21 DEBUG SplashScreennew:87 - Progress bar completed
2017-06-03 10:52:28 DEBUG Login:100 - reg sucess
2017-06-03 10:52:35 DEBUG LogScreen:91 - registeration sucess
2017-06-03 10:52:56 DEBUG Sourcing:305 - form is valid
2017-06-03 10:52:56 DEBUG Sourcing:323 - in validating user screen
2017-06-03 10:52:58 DEBUG qde:110 - M
2017-06-03 10:52:58 DEBUG qde:141 - Single
2017-06-03 10:52:59 DEBUG qde:159 - 10th
2017-06-03 10:53:00 DEBUG qde:181 - Other
2017-06-03 10:53:16 DEBUG qde:257 - Indian
2017-06-03 10:53:17 DEBUG qde:269 - Single
2017-06-03 10:53:17 DEBUG qde:285 -  < 3 lakh
2017-06-03 10:53:18 DEBUG qde:357 - 1212121211
2017-06-03 10:53:18 DEBUG qde:361 - 1212121212
2017-06-03 10:53:18 DEBUG qde:377 - 1
2017-06-03 10:53:18 DEBUG qde:409 - all fields correct
2017-06-03 10:53:19 DEBUG Defaulter:92 - checking defaulter
2017-06-03 10:53:19 DEBUG qde:332 - in validating user screen
2017-06-03 10:53:20 DEBUG Dedupe:98 - IN dedupe calculation
2017-06-03 10:53:20 DEBUG Dedupe:243 - Amt and Value true
2017-06-03 10:53:20 DEBUG Dedupe:244 - Liab and asset true
2017-06-03 10:53:20 DEBUG Dedupe:248 - in check and check1
2017-06-03 10:53:20 DEBUG Dedupe:258 - Scoring is 4.2
2017-06-11 16:37:24 DEBUG SplashScreennew:67 - Progress bar executed
2017-06-11 16:37:30 DEBUG SplashScreennew:87 - Progress bar completed
2017-06-11 16:38:37 DEBUG SplashScreennew:67 - Progress bar executed
2017-06-11 16:38:43 DEBUG SplashScreennew:87 - Progress bar completed
2017-06-11 16:39:37 DEBUG SplashScreennew:67 - Progress bar executed
2017-06-11 16:39:44 DEBUG SplashScreennew:87 - Progress bar completed
2017-06-11 16:58:06 DEBUG SplashScreennew:67 - Progress bar executed
2017-06-11 16:58:13 DEBUG SplashScreennew:87 - Progress bar completed
2017-06-11 17:01:32 DEBUG SplashScreennew:67 - Progress bar executed
2017-06-11 17:01:39 DEBUG SplashScreennew:87 - Progress bar completed
2017-06-11 17:01:54 DEBUG SplashScreennew:67 - Progress bar executed
2017-06-11 17:02:01 DEBUG SplashScreennew:87 - Progress bar completed
2017-06-11 17:04:20 DEBUG SplashScreennew:67 - Progress bar executed
2017-06-11 17:04:27 DEBUG SplashScreennew:87 - Progress bar completed
2017-06-11 17:05:43 DEBUG SplashScreennew:67 - Progress bar executed
2017-06-11 17:05:49 DEBUG SplashScreennew:87 - Progress bar completed
2017-06-11 17:07:42 DEBUG SplashScreennew:67 - Progress bar executed
2017-06-11 17:07:48 DEBUG SplashScreennew:87 - Progress bar completed
2017-06-11 17:08:51 DEBUG SplashScreennew:67 - Progress bar executed
2017-06-11 17:08:58 DEBUG SplashScreennew:87 - Progress bar completed
2017-06-11 17:11:10 DEBUG SplashScreennew:67 - Progress bar executed
2017-06-11 17:11:16 DEBUG SplashScreennew:87 - Progress bar completed
2017-06-11 17:18:52 DEBUG SplashScreennew:67 - Progress bar executed
2017-06-11 17:18:59 DEBUG SplashScreennew:87 - Progress bar completed
2017-06-11 17:19:21 DEBUG SplashScreennew:67 - Progress bar executed
2017-06-11 17:19:27 DEBUG SplashScreennew:87 - Progress bar completed
2017-06-11 17:19:38 DEBUG SplashScreennew:67 - Progress bar executed
2017-06-11 17:19:45 DEBUG SplashScreennew:87 - Progress bar completed
2017-06-11 17:19:55 DEBUG SplashScreennew:67 - Progress bar executed
2017-06-11 17:32:56 DEBUG Login:68 - reg failed
2017-06-11 17:32:59 DEBUG Login:68 - reg failed
2017-06-11 17:44:33 DEBUG Login:63 - reg sucess
2017-06-11 17:45:20 DEBUG Login:63 - reg sucess
2017-06-11 17:45:26 DEBUG LogScreen:110 - registeration failed
2017-06-11 17:45:27 DEBUG LogScreen:110 - registeration failed
2017-06-11 17:45:27 DEBUG LogScreen:110 - registeration failed
2017-06-11 17:46:44 DEBUG Login:63 - reg sucess
2017-06-11 17:56:08 DEBUG Login:63 - reg sucess
2017-06-11 18:41:50 DEBUG Login:63 - reg sucess
2017-06-11 18:41:57 DEBUG LogScreen:74 - registeration failed
2017-06-11 18:42:01 DEBUG LogScreen:74 - registeration failed
2017-06-11 18:42:04 DEBUG LogScreen:74 - registeration failed
2017-06-11 18:42:05 DEBUG LogScreen:74 - registeration failed
2017-06-11 18:42:05 DEBUG LogScreen:74 - registeration failed
2017-06-11 18:42:09 DEBUG LogScreen:74 - registeration failed
2017-06-11 18:42:21 DEBUG Login:63 - reg sucess
2017-06-11 18:42:27 DEBUG LogScreen:74 - registeration failed
2017-06-11 18:43:50 DEBUG Login:69 - reg failed
2017-06-11 18:43:55 DEBUG LogScreen:65 - registeration sucess
2017-06-11 19:03:06 DEBUG Login:69 - reg failed
2017-06-11 19:03:11 DEBUG LogScreen:65 - registeration sucess
2017-06-11 19:10:31 DEBUG Login:69 - reg failed
2017-06-11 19:10:34 DEBUG Login:69 - reg failed
2017-06-11 19:10:45 DEBUG Login:69 - reg failed
2017-06-11 19:10:51 DEBUG LogScreen:65 - registeration sucess
2017-06-11 19:43:59 DEBUG Login:69 - reg failed
2017-06-11 19:44:05 DEBUG LogScreen:65 - registeration sucess
2017-06-11 19:44:15 DEBUG Sourcing:273 - invalid phone
2017-06-11 19:44:15 DEBUG Sourcing:293 - incomplete sourcing form
2017-06-11 19:53:42 DEBUG Sourcing:273 - invalid phone
2017-06-11 19:53:42 DEBUG Sourcing:293 - incomplete sourcing form
2017-06-11 19:55:38 DEBUG Login:69 - reg failed
2017-06-11 19:55:43 DEBUG LogScreen:65 - registeration sucess
2017-06-11 19:55:51 DEBUG Sourcing:274 - invalid phone
2017-06-11 19:55:51 DEBUG Sourcing:294 - incomplete sourcing form
2017-06-11 19:56:37 DEBUG Login:69 - reg failed
2017-06-11 19:56:42 DEBUG LogScreen:65 - registeration sucess
2017-06-11 19:56:46 DEBUG Sourcing:274 - invalid phone
2017-06-11 19:56:46 DEBUG Sourcing:294 - incomplete sourcing form
2017-06-11 19:58:11 DEBUG Login:69 - reg failed
2017-06-11 19:58:21 DEBUG Login:63 - reg sucess
2017-06-11 19:58:28 DEBUG LogScreen:65 - registeration sucess
2017-06-11 19:58:38 DEBUG Login:69 - reg failed
2017-06-11 19:58:42 DEBUG LogScreen:65 - registeration sucess
2017-06-11 20:00:37 DEBUG Login:70 - reg failed
2017-06-11 20:00:44 DEBUG Login:64 - reg sucess
2017-06-11 20:00:54 DEBUG LogScreen:74 - registeration failed
2017-06-11 20:01:04 DEBUG LogScreen:74 - registeration failed
2017-06-12 15:17:23 DEBUG Login:70 - reg failed
2017-06-12 15:17:32 DEBUG Login:64 - reg sucess
2017-06-12 15:17:38 DEBUG LogScreen:65 - registeration sucess
2017-06-12 15:18:17 DEBUG Sourcing:198 - invalid phone
2017-06-12 15:18:17 DEBUG Sourcing:211 - incomplete sourcing form
2017-06-12 15:21:50 DEBUG Login:64 - reg sucess
2017-06-12 15:21:57 DEBUG LogScreen:65 - registeration sucess
2017-06-12 15:22:00 DEBUG Sourcing:200 - invalid phone
2017-06-12 15:22:00 DEBUG Sourcing:213 - incomplete sourcing form
2017-06-12 15:29:47 DEBUG Login:64 - reg sucess
2017-06-12 15:29:53 DEBUG LogScreen:74 - registeration failed
2017-06-12 15:30:00 DEBUG LogScreen:65 - registeration sucess
2017-06-12 15:33:07 DEBUG Sourcing:200 - invalid phone
2017-06-12 15:33:07 DEBUG Sourcing:213 - incomplete sourcing form
2017-06-12 15:35:04 DEBUG Login:64 - reg sucess
2017-06-12 15:35:16 DEBUG LogScreen:65 - registeration sucess
2017-06-12 15:35:19 DEBUG Sourcing:200 - invalid phone
2017-06-12 15:35:19 DEBUG Sourcing:214 - incomplete sourcing form
2017-06-12 15:50:39 DEBUG Login:64 - reg sucess
2017-06-12 15:50:45 DEBUG LogScreen:65 - registeration sucess
2017-06-12 15:50:48 DEBUG Sourcing:201 - invalid phone
2017-06-12 15:50:48 DEBUG Sourcing:215 - incomplete sourcing form
2017-06-12 16:05:08 DEBUG Login:64 - reg sucess
2017-06-12 16:05:14 DEBUG LogScreen:65 - registeration sucess
2017-06-12 16:05:16 DEBUG Sourcing:202 - invalid phone
2017-06-12 16:05:16 DEBUG Sourcing:216 - incomplete sourcing form
2017-06-12 16:14:23 DEBUG Login:64 - reg sucess
2017-06-12 16:14:29 DEBUG LogScreen:65 - registeration sucess
2017-06-12 16:14:32 DEBUG Sourcing:202 - invalid phone
2017-06-12 16:14:32 DEBUG Sourcing:216 - incomplete sourcing form
2017-06-12 16:16:59 DEBUG Login:64 - reg sucess
2017-06-12 16:17:04 DEBUG LogScreen:65 - registeration sucess
2017-06-12 16:17:06 DEBUG Sourcing:202 - invalid phone
2017-06-12 16:17:06 DEBUG Sourcing:216 - incomplete sourcing form
2017-06-12 16:58:34 DEBUG Login:64 - reg sucess
2017-06-12 16:58:39 DEBUG LogScreen:65 - registeration sucess
2017-06-12 16:59:39 DEBUG Sourcing:202 - invalid phone
2017-06-12 16:59:39 DEBUG Sourcing:216 - incomplete sourcing form
2017-06-12 16:59:45 DEBUG Sourcing:211 - form is valid
2017-06-12 16:59:50 DEBUG Sourcing:226 - in validating user screen
2017-06-12 17:10:32 DEBUG Sourcing:202 - invalid phone
2017-06-12 17:10:32 DEBUG Sourcing:216 - incomplete sourcing form
2017-06-12 17:10:50 DEBUG Sourcing:211 - form is valid
2017-06-12 17:10:51 DEBUG Sourcing:226 - in validating user screen
2017-06-12 17:17:26 DEBUG Login:64 - reg sucess
2017-06-12 17:17:33 DEBUG LogScreen:65 - registeration sucess
2017-06-12 17:17:50 DEBUG Sourcing:211 - form is valid
2017-06-12 17:17:53 DEBUG Sourcing:226 - in validating user screen
2017-06-12 17:17:59 DEBUG qde:93 - M
2017-06-12 17:18:00 DEBUG qde:119 - Single
2017-06-12 17:18:01 DEBUG qde:131 - 10th
2017-06-12 17:18:02 DEBUG qde:149 - Other
2017-06-15 17:21:07 DEBUG Login:46 - reg sucess
2017-06-15 17:21:12 DEBUG LogScreen:49 - registeration sucess
2017-06-15 17:25:31 DEBUG SplashScreennew:54 - Progress bar executed
2017-06-15 17:25:38 DEBUG SplashScreennew:68 - Progress bar completed
2017-06-15 17:25:45 DEBUG Login:44 - reg sucess
2017-06-15 17:25:50 DEBUG LogScreen:47 - registeration sucess
2017-06-15 17:26:21 DEBUG Sourcing:209 - form is valid
2017-06-15 17:26:24 DEBUG Sourcing:224 - in validating user screen
2017-06-15 17:26:26 DEBUG qde:81 - M
2017-06-15 17:26:27 DEBUG qde:106 - Single
2017-06-15 17:26:28 DEBUG qde:118 - 10th
2017-06-15 17:26:32 DEBUG qde:118 - Higher
2017-06-15 17:26:32 DEBUG qde:118 - Higher
2017-06-15 17:26:34 DEBUG qde:118 - Masters
2017-06-15 17:26:34 DEBUG qde:118 - Masters
2017-06-15 17:26:36 DEBUG qde:135 - Other
2017-06-15 17:26:37 DEBUG qde:135 - Job
2017-06-15 17:26:37 DEBUG qde:135 - Job
2017-06-15 17:27:22 DEBUG qde:190 - Indian
2017-06-15 17:27:23 DEBUG qde:199 - Single
2017-06-15 17:27:23 DEBUG qde:208 -  < 3 lakh
2017-06-15 17:27:24 DEBUG qde:252 - 1212121212
2017-06-15 17:27:24 DEBUG qde:254 - 1212121212
2017-06-15 17:27:24 DEBUG qde:270 - 2
2017-06-15 17:27:24 DEBUG qde:298 - all fields correct
2017-06-15 17:27:25 DEBUG Defaulter:61 - checking defaulter
2017-06-15 17:27:25 DEBUG qde:238 - in validating user screen
2017-06-15 17:27:26 DEBUG Dedupe:76 - IN dedupe calculation
2017-06-15 17:27:26 DEBUG Dedupe:175 - Amt and Value false
2017-06-15 17:27:26 DEBUG Dedupe:176 - Liab and asset true
